<?xml version="1.0" encoding="UTF-8"?>
<!-- Generated by org.testng.reporters.JUnitXMLReporter -->
<testsuite hostname="DESKTOP-SJFLRU4" ignored="0" name="Default test" tests="2" failures="0" timestamp="08 Aug 2019 14:32:13 GMT" time="25.053" errors="0">
  <testcase name="checkDashboardPageTitleTest" time="0.034" classname="com.shopcart.dashboard.testcases.DashboardPageTest"/>
  <testcase name="checkDashboardPageLabelTest" time="7.01" classname="com.shopcart.dashboard.testcases.DashboardPageTest"/>
</testsuite> <!-- Default test -->
