<?xml version="1.0" encoding="UTF-8"?>
<!-- Generated by org.testng.reporters.JUnitXMLReporter -->
<testsuite hostname="DESKTOP-SJFLRU4" ignored="3" tests="0" failures="0" timestamp="20 Aug 2019 08:24:24 GMT" time="0.009" errors="0">
  <testcase name="addNewCustomerTest" time="0.0" classname="com.shopcart.customers.testcases.CustomerPageTest">
    <ignored/>
  </testcase> <!-- addNewCustomerTest -->
  <testcase name="clickOnNewCustomerBtnTest" time="0.0" classname="com.shopcart.customers.testcases.CustomerPageTest">
    <ignored/>
  </testcase> <!-- clickOnNewCustomerBtnTest -->
  <testcase name="gettitleTest" time="0.0" classname="com.shopcart.customers.testcases.CustomerPageTest">
    <ignored/>
  </testcase> <!-- gettitleTest -->
</testsuite>
