<?xml version="1.0" encoding="UTF-8"?>
<testng-results skipped="0" failed="0" ignored="0" total="1" passed="1">
  <reporter-output>
  </reporter-output>
  <suite name="Default suite" duration-ms="47110" started-at="2019-08-21T15:33:30Z" finished-at="2019-08-21T15:34:17Z">
    <groups>
    </groups>
    <test name="Default test" duration-ms="47110" started-at="2019-08-21T15:33:30Z" finished-at="2019-08-21T15:34:17Z">
      <class name="com.shopcart.catlog.testcases.CategoriesPageTest">
        <test-method status="PASS" signature="setUp()[pri:0, instance:com.shopcart.catlog.testcases.CategoriesPageTest@27efef64]" name="setUp" is-config="true" duration-ms="24060" started-at="2019-08-21T15:33:30Z" finished-at="2019-08-21T15:33:54Z">
          <reporter-output>
          </reporter-output>
        </test-method> <!-- setUp -->
        <test-method status="PASS" signature="editCategoryTest()[pri:1, instance:com.shopcart.catlog.testcases.CategoriesPageTest@27efef64]" name="editCategoryTest" duration-ms="22988" started-at="2019-08-21T15:33:54Z" finished-at="2019-08-21T15:34:17Z">
          <reporter-output>
          </reporter-output>
        </test-method> <!-- editCategoryTest -->
        <test-method status="PASS" signature="tearDown()[pri:0, instance:com.shopcart.catlog.testcases.CategoriesPageTest@27efef64]" name="tearDown" is-config="true" duration-ms="0" started-at="2019-08-21T15:34:17Z" finished-at="2019-08-21T15:34:17Z">
          <reporter-output>
          </reporter-output>
        </test-method> <!-- tearDown -->
      </class> <!-- com.shopcart.catlog.testcases.CategoriesPageTest -->
    </test> <!-- Default test -->
  </suite> <!-- Default suite -->
</testng-results>
